<?xml version="1.0" encoding="UTF-8"?>
<testng-results ignored="0" total="1" passed="1" failed="0" skipped="0">
  <reporter-output>
  </reporter-output>
  <suite started-at="2023-04-17T18:22:51 IST" name="Default suite" finished-at="2023-04-17T18:22:52 IST" duration-ms="1599">
    <groups>
      <group name="cucumber">
        <method signature="AbstractTestNGCucumberTests.runScenario(io.cucumber.testng.PickleWrapper,io.cucumber.testng.FeatureWrapper)[pri:0, instance:Runner.Runlog@506ae4d4]" name="runScenario" class="io.cucumber.testng.AbstractTestNGCucumberTests"/>
      </group> <!-- cucumber -->
    </groups>
    <test started-at="2023-04-17T18:22:51 IST" name="Default test" finished-at="2023-04-17T18:22:52 IST" duration-ms="1599">
      <class name="Runner.Runlog">
        <test-method is-config="true" signature="setUpClass(org.testng.ITestContext)[pri:0, instance:Runner.Runlog@506ae4d4]" started-at="2023-04-17T18:22:51 IST" name="setUpClass" finished-at="2023-04-17T18:22:52 IST" duration-ms="738" status="PASS">
          <params>
            <param index="0">
              <value>
                <![CDATA[org.testng.TestRunner@3f4b840d]]>
              </value>
            </param>
          </params>
          <reporter-output>
          </reporter-output>
        </test-method> <!-- setUpClass -->
        <test-method signature="runScenario(io.cucumber.testng.PickleWrapper,io.cucumber.testng.FeatureWrapper)[pri:0, instance:Runner.Runlog@506ae4d4]" started-at="2023-04-17T18:22:52 IST" name="runScenario" description="Runs Cucumber Scenarios" data-provider="scenarios" finished-at="2023-04-17T18:22:52 IST" duration-ms="288" status="PASS">
          <params>
            <param index="0">
              <value>
                <![CDATA["Login to Website"]]>
              </value>
            </param>
            <param index="1">
              <value>
                <![CDATA["Login"]]>
              </value>
            </param>
          </params>
          <reporter-output>
          </reporter-output>
        </test-method> <!-- runScenario -->
        <test-method is-config="true" signature="tearDownClass()[pri:0, instance:Runner.Runlog@506ae4d4]" started-at="2023-04-17T18:22:52 IST" name="tearDownClass" finished-at="2023-04-17T18:22:52 IST" duration-ms="509" status="PASS">
          <reporter-output>
          </reporter-output>
        </test-method> <!-- tearDownClass -->
      </class> <!-- Runner.Runlog -->
    </test> <!-- Default test -->
  </suite> <!-- Default suite -->
</testng-results>
